--2018-11-30 15:47:59--  https://www.itkucode.com/video.mp4
Resolving www.itkucode.com (www.itkucode.com)... 123.56.12.53
Connecting to www.itkucode.com (www.itkucode.com)|123.56.12.53|:443... connected.
HTTP request sent, awaiting response... 200 OK
Length: 61801991 (59M) [video/mp4]
Saving to: ‘video.mp4’

     0K .......... .......... .......... .......... ..........  0% 17.3M 3s
    50K .......... .......... .......... .......... ..........  0% 17.9M 3s
   100K .......... .......... .......... .......... ..........  0%  114K 2m59s
   150K .......... .......... .......... .......... ..........  0%  115K 4m25s
   200K .......... .......... .......... .......... ..........  0%  225K 4m25s
   250K .......... .......... .......... .......... ..........  0%  113K 5m9s
   300K .......... .......... .......... .......... ..........  0%  206K 5m6s
   350K .......... .......... .......... .......... ..........  0%  105K 5m39s
   400K .......... .......... .......... .......... ..........  0%  107K 6m4s
   450K .......... .......... .......... .......... ..........  0%  204K 5m57s
   500K .......... .......... .......... .......... ..........  0%  107K 6m15s
   550K .......... .......... .......... .......... ..........  0%  201K 6m8s
   600K .......... .......... .......... .......... ..........  1%  107K 6m22s
   650K .......... .......... .......... .......... ..........  1%  199K 6m16s
   700K .......... .......... .......... .......... ..........  1%  108K 6m28s
   750K .......... .......... .......... .......... ..........  1%  104K 6m39s
   800K .......... .......... .......... .......... ..........  1%  199K 6m33s
   850K .......... .......... .......... .......... ..........  1%  107K 6m41s
   900K .......... .......... .......... .......... ..........  1%  108K 6m49s
   950K .......... .......... .......... .......... ..........  1%  199K 6m43s
  1000K .......... .......... .......... .......... ..........  1%  106K 6m50s
  1050K .......... .......... .......... .......... ..........  1%  212K 6m44s
  1100K .......... .......... .......... .......... ..........  1%  109K 6m49s
  1150K .......... .......... .......... .......... ..........  1%  105K 6m56s
  1200K .......... .......... .......... .......... ..........  2%  108K 7m0s
  1250K .......... .......... .......... .......... ..........  2%  199K 6m55s
  1300K .......... .......... .......... .......... ..........  2%  107K 7m0s
  1350K .......... .......... .......... .......... ..........  2%  201K 6m55s
  1400K .......... .......... .......... .......... ..........  2%  109K 6m59s
  1450K .......... .......... .......... .......... ..........  2%  207K 6m54s
  1500K .......... .......... .......... .......... ..........  2%  107K 6m59s
  1550K .......... .......... .......... .......... ..........  2%  107K 7m2s
  1600K .......... .......... .......... .......... ..........  2%  199K 6m58s
  1650K .......... .......... .......... .......... ..........  2%  107K 7m1s
  1700K .......... .......... .......... .......... ..........  2%  201K 6m57s
  1750K .......... .......... .......... .......... ..........  2%  107K 7m1s
  1800K .......... .......... .......... .......... ..........  3%  199K 6m57s
  1850K .......... .......... .......... .......... ..........  3%  107K 7m0s
  1900K .......... .......... .......... .......... ..........  3%  107K 7m3s
  1950K .......... .......... .......... .......... ..........  3%  104K 7m6s
  2000K .......... .......... .......... .......... ..........  3%  199K 7m2s
  2050K .......... .......... .......... .......... ..........  3%  107K 7m5s
  2100K .......... .......... .......... .......... ..........  3%  201K 7m1s
  2150K .......... .......... .......... .......... ..........  3%  107K 7m4s
  2200K .......... .......... .......... .......... ..........  3%  201K 7m0s
  2250K .......... .......... .......... .......... ..........  3%  107K 7m3s
  2300K .......... .......... .......... .......... ..........  3%  209K 6m59s
  2350K .......... .......... .......... .......... ..........  3%  105K 7m2s
  2400K .......... .......... .......... .......... ..........  4%  107K 7m4s
  2450K .......... .......... .......... .......... ..........  4%  199K 7m1s
  2500K .......... .......... .......... .......... ..........  4%  107K 7m3s
  2550K .......... .......... .......... .......... ..........  4%  201K 7m0s
  2600K .......... .......... .......... .......... ..........  4%  107K 7m2s
  2650K .......... .......... .......... .......... ..........  4%  187K 6m59s
  2700K .......... .......... .......... .......... ..........  4%  111K 7m1s
  2750K .......... .......... .......... .......... ..........  4%  104K 7m3s
  2800K .......... .......... .......... .......... ..........  4%  107K 7m4s
  2850K .......... .......... .......... .......... ..........  4%  206K 7m2s
  2900K .......... .......... .......... .......... ..........  4%  110K 7m3s
  2950K .......... .......... .......... .......... ..........  4%  199K 7m0s
  3000K .......... .......... .......... .......... ..........  5%  109K 7m2s
  3050K .......... .......... .......... .......... ..........  5%  204K 6m59s
  3100K .......... .......... .......... .......... ..........  5%  107K 7m0s
  3150K .......... .......... .......... .......... ..........  5%  107K 7m2s
  3200K .......... .......... .......... .......... ..........  5%  107K 7m3s
  3250K .......... .......... .......... .......... ..........  5%  199K 7m1s
  3300K .......... .......... .......... .......... ..........  5%  107K 7m2s
  3350K .......... .......... .......... .......... ..........  5%  201K 7m0s
  3400K .......... .......... .......... .......... ..........  5%  107K 7m1s
  3450K .......... .......... .......... .......... ..........  5%  199K 6m59s
  3500K .......... .......... .......... .......... ..........  5%  107K 7m0s
  3550K .......... .......... .......... .......... ..........  5%  106K 7m1s
  3600K .......... .......... .......... .......... ..........  6%  199K 6m59s
  3650K .......... .......... .......... .......... ..........  6%  107K 7m0s
  3700K .......... .......... .......... .......... ..........  6%  199K 6m58s
  3750K .......... .......... .......... .......... ..........  6%  109K 6m59s
  3800K .......... .......... .......... .......... ..........  6%  110K 7m0s
  3850K .......... .......... .......... .......... ..........  6%  209K 6m57s
  3900K .......... .......... .......... .......... ..........  6%  107K 6m59s
  3950K .......... .......... .......... .......... ..........  6%  104K 7m0s
  4000K .......... .......... .......... .......... ..........  6%  199K 6m58s
  4050K .......... .......... .......... .......... ..........  6%  107K 6m59s
  4100K .......... .......... .......... .......... ..........  6%  199K 6m57s
  4150K .......... .......... .......... .......... ..........  6%  107K 6m57s
  4200K .......... .......... .......... .......... ..........  7%  212K 6m55s
  4250K .......... .......... .......... .......... ..........  7%  107K 6m56s
  4300K .......... .......... .......... .......... ..........  7%  199K 6m54s
  4350K .......... .......... .......... .......... ..........  7% 72.9K 6m58s
  4400K .......... .......... .......... .......... ..........  7%  199K 6m56s
  4450K .......... .......... .......... .......... ..........  7%  107K 6m57s
  4500K .......... .......... .......... .......... ..........  7%  204K 6m55s
  4550K .......... .......... .......... .......... ..........  7%  107K 6m56s
  4600K .......... .......... .......... .......... ..........  7%  202K 6m54s
  4650K .......... .......... .......... .......... ..........  7%  107K 6m55s
  4700K .......... .......... .......... .......... ..........  7%  199K 6m53s
  4750K .......... .......... .......... .......... ..........  7%  104K 6m54s
  4800K .......... .......... .......... .......... ..........  8%  110K 6m54s
  4850K .......... .......... .......... .......... ..........  8%  201K 6m53s
  4900K .......... .......... .......... .......... ..........  8%  112K 6m53s
  4950K .......... .......... .......... .......... ..........  8%  106K 6m54s
  5000K .......... .......... .......... .......... ..........  8%  204K 6m52s
  5050K .......... .......... .......... .......... ..........  8%  107K 6m53s
  5100K .......... .......... .......... .......... ..........  8%  207K 6m51s
  5150K .......... .......... .......... .......... ..........  8%  104K 6m52s
  5200K .......... .......... .......... .......... ..........  8%  107K 6m52s
  5250K .......... .......... .......... .......... ..........  8%  201K 6m51s
  5300K .......... .......... .......... .......... ..........  8%  109K 6m51s
  5350K .......... .......... .......... .......... ..........  8%  107K 6m52s
  5400K .......... .......... .......... .......... ..........  9%  201K 6m50s
  5450K .......... .......... .......... .......... ..........  9%  107K 6m51s
  5500K .......... .......... .......... .......... ..........  9%  199K 6m49s
  5550K .......... .......... .......... .......... ..........  9%  105K 6m50s
  5600K .......... .......... .......... .......... ..........  9%  107K 6m50s
  5650K .......... .......... .......... .......... ..........  9%  199K 6m49s
  5700K .......... .......... .......... .......... ..........  9%  107K 6m49s
  5750K .......... .......... .......... .......... ..........  9%  204K 6m48s
  5800K .......... .......... .......... .......... ..........  9%  107K 6m48s
  5850K .......... .......... .......... .......... ..........  9%  207K 6m46s
  5900K .......... .......... .......... .......... ..........  9%  107K 6m47s
  5950K .......... .......... .......... .......... ..........  9%  104K 6m48s
  6000K .......... .......... .......... .......... .......... 10%  201K 6m46s
  6050K .......... .......... .......... .......... .......... 10%  107K 6m46s
  6100K .......... .......... .......... .......... .......... 10%  199K 6m45s
  6150K .......... .......... .......... .......... .......... 10%  107K 6m45s
  6200K .......... .......... .......... .......... .......... 10%  110K 6m46s
  6250K .......... .......... .......... .......... .......... 10%  199K 6m44s
  6300K .......... .......... .......... .......... .......... 10%  107K 6m45s
  6350K .......... .......... .......... .......... .......... 10%  104K 6m45s
  6400K .......... .......... .......... .......... .......... 10%  212K 6m44s
  6450K .......... .......... .......... .......... .......... 10%  107K 6m44s
  6500K .......... .......... .......... .......... .......... 10%  204K 6m43s
  6550K .......... .......... .......... .......... .......... 10%  107K 6m43s
  6600K .......... .......... .......... .......... .......... 11%  190K 6m42s
  6650K .......... .......... .......... .......... .......... 11%  110K 6m42s
  6700K .......... .......... .......... .......... .......... 11%  201K 6m41s
  6750K .......... .......... .......... .......... .......... 11% 72.0K 6m43s
  6800K .......... .......... .......... .......... .......... 11%  199K 6m42s
  6850K .......... .......... .......... .......... .......... 11%  107K 6m42s
  6900K .......... .......... .......... .......... .......... 11%  199K 6m41s
  6950K .......... .......... .......... .......... .......... 11%  107K 6m41s
  7000K .......... .......... .......... .......... .......... 11%  201K 6m40s
  7050K .......... .......... .......... .......... .......... 11%  107K 6m40s
  7100K .......... .......... .......... .......... .......... 11%  204K 6m38s
  7150K .......... .......... .......... .......... .......... 11%  103K 6m39s
  7200K .......... .......... .......... .......... .......... 12%  112K 6m39s
  7250K .......... .......... .......... .......... .......... 12%  107K 6m39s
  7300K .......... .......... .......... .......... .......... 12%  207K 6m38s
  7350K .......... .......... .......... .......... .......... 12%  107K 6m38s
  7400K .......... .......... .......... .......... .......... 12%  201K 6m37s
  7450K .......... .......... .......... .......... .......... 12%  107K 6m37s
  7500K .......... .......... .......... .......... .......... 12%  199K 6m36s
  7550K .......... .......... .......... .......... .......... 12%  107K 6m36s
  7600K .......... .......... .......... .......... .......... 12%  107K 6m37s
  7650K .......... .......... .......... .......... .......... 12%  202K 6m35s
  7700K .......... .......... .......... .......... .......... 12%  109K 6m36s
  7750K .......... .......... .......... .......... .......... 12%  202K 6m34s
  7800K .......... .......... .......... .......... .......... 13%  107K 6m35s
  7850K .......... .......... .......... .......... .......... 13%  110K 6m35s
  7900K .......... .......... .......... .......... .......... 13%  199K 6m33s
  7950K .......... .......... .......... .......... .......... 13%  107K 6m34s
  8000K .......... .......... .......... .......... .......... 13%  107K 6m34s
  8050K .......... .......... .......... .......... .......... 13%  206K 6m33s
  8100K .......... .......... .......... .......... .......... 13%  107K 6m33s
  8150K .......... .......... .......... .......... .......... 13%  201K 6m32s
  8200K .......... .......... .......... .......... .......... 13%  107K 6m32s
  8250K .......... .......... .......... .......... .......... 13%  201K 6m31s
  8300K .......... .......... .......... .......... .......... 13%  110K 6m31s
  8350K .......... .......... .......... .......... .......... 13%  104K 6m31s
  8400K .......... .......... .......... .......... .......... 14%  107K 6m31s
  8450K .......... .......... .......... .......... .......... 14%  201K 6m30s
  8500K .......... .......... .......... .......... .......... 14%  109K 6m30s
  8550K .......... .......... .......... .......... .......... 14%  203K 6m29s
  8600K .......... .......... .......... .......... .......... 14%  109K 6m29s
  8650K .......... .......... .......... .......... .......... 14%  201K 6m28s
  8700K .......... .......... .......... .......... .......... 14%  107K 6m28s
  8750K .......... .......... .......... .......... .......... 14%  105K 6m28s
  8800K .......... .......... .......... .......... .......... 14%  199K 6m27s
  8850K .......... .......... .......... .......... .......... 14%  107K 6m28s
  8900K .......... .......... .......... .......... .......... 14%  108K 6m28s
  8950K .......... .......... .......... .......... .......... 14%  201K 6m27s
  9000K .......... .......... .......... .......... .......... 14%  107K 6m27s
  9050K .......... .......... .......... .......... .......... 15%  202K 6m26s
  9100K .......... .......... .......... .......... .......... 15%  109K 6m26s
  9150K .......... .......... .......... .......... .......... 15%  108K 6m26s
  9200K .......... .......... .......... .......... .......... 15%  201K 6m25s
  9250K .......... .......... .......... .......... .......... 15%  110K 6m25s
  9300K .......... .......... .......... .......... .......... 15%  201K 6m24s
  9350K .......... .......... .......... .......... .......... 15%  112K 6m24s
  9400K .......... .......... .......... .......... .......... 15%  107K 6m24s
  9450K .......... .......... .......... .......... .......... 15%  201K 6m23s
  9500K .......... .......... .......... .......... .......... 15%  107K 6m23s
  9550K .......... .......... .......... .......... .......... 15%  106K 6m23s
  9600K .......... .......... .......... .......... .......... 15%  196K 6m22s
  9650K .......... .......... .......... .......... .......... 16%  108K 6m22s
  9700K .......... .......... .......... .......... .......... 16%  199K 6m21s
  9750K .......... .......... .......... .......... .......... 16%  107K 6m21s
  9800K .......... .......... .......... .......... .......... 16%  199K 6m20s
  9850K .......... .......... .......... .......... .......... 16%  108K 6m20s
  9900K .......... .......... .......... .......... .......... 16%  107K 6m20s
  9950K .......... .......... .......... .......... .......... 16%  182K 6m19s
 10000K .......... .......... .......... .......... .......... 16%  110K 6m19s
 10050K .......... .......... .......... .......... .......... 16%  107K 6m19s
 10100K .......... .......... .......... .......... .......... 16%  212K 6m18s
 10150K .......... .......... .......... .......... .......... 16%  107K 6m18s
 10200K .......... .......... .......... .......... .......... 16%  199K 6m17s
 10250K .......... .......... .......... .......... .......... 17%  107K 6m17s
 10300K .......... .......... .......... .......... .......... 17%  202K 6m16s
 10350K .......... .......... .......... .......... .......... 17%  104K 6m17s
 10400K .......... .......... .......... .......... .......... 17%  107K 6m17s
 10450K .......... .......... .......... .......... .......... 17%  201K 6m16s
 10500K .......... .......... .......... .......... .......... 17%  107K 6m16s
 10550K .......... .......... .......... .......... .......... 17%  107K 6m16s
 10600K .......... .......... .......... .......... .......... 17%  199K 6m15s
 10650K .......... .......... .......... .......... .......... 17%  107K 6m15s
 10700K .......... .......... .......... .......... .......... 17%  209K 6m14s
 10750K .......... .......... .......... .......... .......... 17%  104K 6m14s
 10800K .......... .......... .......... .......... .......... 17%  112K 6m14s
 10850K .......... .......... .......... .......... .......... 18%  202K 6m13s
 10900K .......... .......... .......... .......... .......... 18%  107K 6m13s
 10950K .......... .......... .......... .......... .......... 18%  199K 6m12s
 11000K .......... .......... .......... .......... .......... 18%  109K 6m12s
 11050K .......... .......... .......... .......... .......... 18%  201K 6m11s
 11100K .......... .......... .......... .......... .......... 18%  107K 6m11s
 11150K .......... .......... .......... .......... .......... 18%  105K 6m11s
 11200K .......... .......... .......... .......... .......... 18%  108K 6m11s
 11250K .......... .......... .......... .......... .......... 18%  174K 6m10s
 11300K .......... .......... .......... .......... .......... 18%  107K 6m10s
 11350K .......... .......... .......... .......... .......... 18%  199K 6m9s
 11400K .......... .......... .......... .......... .......... 18%  109K 6m9s
 11450K .......... .......... .......... .......... .......... 19%  212K 6m8s
 11500K .......... .......... .......... .......... .......... 19%  106K 6m8s
 11550K .......... .......... .......... .......... .......... 19%  105K 6m8s
 11600K .......... .......... .......... .......... .......... 19%  204K 6m8s
 11650K .......... .......... .......... .......... .......... 19%  109K 6m7s
 11700K .......... .......... .......... .......... .......... 19%  108K 6m7s
 11750K .......... .......... .......... .......... .......... 19%  209K 6m7s
 11800K .......... .......... .......... .......... .......... 19%  107K 6m7s
 11850K .......... .......... .......... .......... .......... 19%  199K 6m6s
 11900K .......... .......... .......... .......... .......... 19%  110K 6m6s
 11950K .......... .......... .......... .......... .......... 19%  105K 6m6s
 12000K .......... .......... .......... .......... .......... 19%  199K 6m5s
 12050K .......... .......... .......... .......... .......... 20%  107K 6m5s
 12100K .......... .......... .......... .......... .......... 20%  199K 6m4s
 12150K .......... .......... .......... .......... .......... 20%  108K 6m4s
 12200K .......... .......... .......... .......... .......... 20%  200K 6m3s
 12250K .......... .......... .......... .......... .......... 20%  107K 6m3s
 12300K .......... .......... .......... .......... .......... 20%  199K 6m2s
 12350K .......... .......... .......... .......... .......... 20%  107K 6m2s
 12400K .......... .......... .......... .......... .......... 20%  107K 6m2s
 12450K .......... .......... .......... .......... .......... 20%  110K 6m2s
 12500K .......... .......... .......... .......... .......... 20%  199K 6m1s
 12550K .......... .......... .......... .......... .......... 20%  107K 6m1s
 12600K .......... .......... .......... .......... .......... 20%  202K 6m0s
 12650K .......... .......... .......... .......... .......... 21%  107K 6m0s
 12700K .......... .......... .......... .......... .......... 21%  199K 5m59s
 12750K .......... .......... .......... .......... .......... 21%  107K 5m59s
 12800K .......... .......... .......... .......... .......... 21%  107K 5m59s
 12850K .......... .......... .......... .......... .......... 21%  108K 5m59s
 12900K .......... .......... .......... .......... .......... 21%  201K 5m58s
 12950K .......... .......... .......... .......... .......... 21%  110K 5m58s
 13000K .......... .......... .......... .......... .......... 21%  201K 5m57s
 13050K .......... .......... .......... .......... .......... 21%  107K 5m57s
 13100K .......... .......... .......... .......... .......... 21%  199K 5m56s
 13150K .......... .......... .......... .......... .......... 21%  104K 5m56s
 13200K .......... .......... .......... .......... .......... 21%  107K 5m56s
 13250K .......... .......... .......... .......... .......... 22%  201K 5m55s
 13300K .......... .......... .......... .......... .......... 22%  109K 5m55s
 13350K .......... .......... .......... .......... .......... 22%  199K 5m55s
 13400K .......... .......... .......... .......... .......... 22%  107K 5m55s
 13450K .......... .......... .......... .......... .......... 22%  199K 5m54s
 13500K .......... .......... .......... .......... .......... 22%  111K 5m54s
 13550K .......... .......... .......... .......... .......... 22%  107K 5m53s
 13600K .......... .......... .......... .......... .......... 22%  111K 5m53s
 13650K .......... .......... .......... .......... .......... 22%  209K 5m53s
 13700K .......... .......... .......... .......... .......... 22%  107K 5m52s
 13750K .......... .......... .......... .......... .......... 22%  201K 5m52s
 13800K .......... .......... .......... .......... .......... 22%  106K 5m52s
 13850K .......... .......... .......... .......... .......... 23%  107K 5m51s
 13900K .......... .......... .......... .......... .......... 23%  199K 5m51s
 13950K .......... .......... .......... .......... .......... 23%  107K 5m51s
 14000K .......... .......... .......... .......... .......... 23%  109K 5m50s
 14050K .......... .......... .......... .......... .......... 23%  201K 5m50s
 14100K .......... .......... .......... .......... .......... 23%  108K 5m50s
 14150K .......... .......... .......... .......... .......... 23%  201K 5m49s
 14200K .......... .......... .......... .......... .......... 23%  110K 5m49s
 14250K .......... .......... .......... .......... .......... 23%  196K 5m48s
 14300K .......... .......... .......... .......... .......... 23%  110K 5m48s
 14350K .......... .......... .......... .......... .......... 23%  105K 5m48s
 14400K .......... .......... .......... .......... .......... 23%  107K 5m48s
 14450K .......... .......... .......... .......... .......... 24%  199K 5m47s
 14500K .......... .......... .......... .......... .......... 24%  109K 5m47s
 14550K .......... .......... .......... .......... .......... 24%  199K 5m46s
 14600K .......... .......... .......... .......... .......... 24%  107K 5m46s
 14650K .......... .......... .......... .......... .......... 24%  198K 5m45s
 14700K .......... .......... .......... .......... .......... 24%  109K 5m45s
 14750K .......... .......... .......... .......... .......... 24%  104K 5m45s
 14800K .......... .......... .......... .......... .......... 24%  201K 5m44s
 14850K .......... .......... .......... .......... .......... 24%  110K 5m44s
 14900K .......... .......... .......... .......... .......... 24%  107K 5m44s
 14950K .......... .......... .......... .......... .......... 24%  201K 5m43s
 15000K .......... .......... .......... .......... .......... 24%  107K 5m43s
 15050K .......... .......... .......... .......... .......... 25%  201K 5m42s
 15100K .......... .......... .......... .......... .......... 25%  107K 5m42s
 15150K .......... .......... .......... .......... .......... 25%  109K 5m42s
 15200K .......... .......... .......... .......... .......... 25%  199K 5m41s
 15250K .......... .......... .......... .......... .......... 25%  108K 5m41s
 15300K .......... .......... .......... .......... .......... 25%  201K 5m40s
 15350K .......... .......... .......... .......... .......... 25%  107K 5m40s
 15400K .......... .......... .......... .......... .......... 25%  107K 5m40s
 15450K .......... .......... .......... .......... .......... 25%  201K 5m39s
 15500K .......... .......... .......... .......... .......... 25%  188K 5m39s
 15550K .......... .......... .......... .......... .......... 25%  107K 5m38s
 15600K .......... .......... .......... .......... .......... 25%  107K 5m38s
 15650K .......... .......... .......... .......... .......... 26%  107K 5m38s
 15700K .......... .......... .......... .......... .......... 26%  201K 5m37s
 15750K .......... .......... .......... .......... .......... 26%  107K 5m37s
 15800K .......... .......... .......... .......... .......... 26%  199K 5m37s
 15850K .......... .......... .......... .......... .......... 26%  109K 5m36s
 15900K .......... .......... .......... .......... .......... 26%  199K 5m36s
 15950K .......... .......... .......... .......... .......... 26%  105K 5m36s
 16000K .......... .......... .......... .......... .......... 26%  107K 5m35s
 16050K .......... .......... .......... .......... .......... 26%  199K 5m35s
 16100K .......... .......... .......... .......... .......... 26%  107K 5m35s
 16150K .......... .......... .......... .......... .......... 26%  201K 5m34s
 16200K .......... .......... .......... .......... .......... 26%  108K 5m34s
 16250K .......... .......... .......... .......... .......... 27%  188K 5m33s
 16300K .......... .......... .......... .......... .......... 27%  110K 5m33s
 16350K .......... .......... .......... .......... .......... 27%  104K 5m33s
 16400K .......... .......... .......... .......... .......... 27%  107K 5m33s
 16450K .......... .......... .......... .......... .......... 27%  206K 5m32s
 16500K .......... .......... .......... .......... .......... 27%  107K 5m32s
 16550K .......... .......... .......... .......... .......... 27%  199K 5m31s
 16600K .......... .......... .......... .......... .......... 27%  107K 5m31s
 16650K .......... .......... .......... .......... .......... 27%  201K 5m30s
 16700K .......... .......... .......... .......... .......... 27%  109K 5m30s
 16750K .......... .......... .......... .......... .......... 27%  104K 5m30s
 16800K .......... .......... .......... .......... .......... 27%  201K 5m29s
 16850K .......... .......... .......... .......... .......... 28%  107K 5m29s
 16900K .......... .......... .......... .......... .......... 28%  107K 5m29s
 16950K .......... .......... .......... .......... .......... 28%  199K 5m28s
 17000K .......... .......... .......... .......... .......... 28%  110K 5m28s
 17050K .......... .......... .......... .......... .......... 28%  201K 5m27s
 17100K .......... .......... .......... .......... .......... 28%  106K 5m27s
 17150K .......... .......... .......... .......... .......... 28%  106K 5m27s
 17200K .......... .......... .......... .......... .......... 28%  199K 5m26s
 17250K .......... .......... .......... .......... .......... 28%  110K 5m26s
 17300K .......... .......... .......... .......... .......... 28%  192K 5m25s
 17350K .......... .......... .......... .......... .......... 28%  110K 5m25s
 17400K .......... .......... .......... .......... .......... 28%  201K 5m25s
 17450K .......... .......... .......... .......... .......... 28%  107K 5m24s
 17500K .......... .......... .......... .......... .......... 29%  107K 5m24s
 17550K .......... .......... .......... .......... .......... 29%  106K 5m24s
 17600K .......... .......... .......... .......... .......... 29%  201K 5m23s
 17650K .......... .......... .......... .......... .......... 29%  109K 5m23s
 17700K .......... .......... .......... .......... .......... 29%  199K 5m23s
 17750K .......... .......... .......... .......... .......... 29%  107K 5m22s
 17800K .......... .......... .......... .......... .......... 29%  209K 5m22s
 17850K .......... .......... .......... .......... .......... 29%  108K 5m21s
 17900K .......... .......... .......... .......... .......... 29%  201K 5m21s
 17950K .......... .......... .......... .......... .......... 29% 71.4K 5m21s
 18000K .......... .......... .......... .......... .......... 29%  201K 5m20s
 18050K .......... .......... .......... .......... .......... 29%  112K 5m20s
 18100K .......... .......... .......... .......... .......... 30%  200K 5m20s
 18150K .......... .......... .......... .......... .......... 30%  107K 5m19s
 18200K .......... .......... .......... .......... .......... 30%  199K 5m19s
 18250K .......... .......... .......... .......... .......... 30%  107K 5m19s
 18300K .......... .......... .......... .......... .......... 30%  201K 5m18s
 18350K .......... .......... .......... .......... .......... 30%  108K 5m18s
 18400K .......... .......... .......... .......... .......... 30%  107K 5m18s
 18450K .......... .......... .......... .......... .......... 30%  107K 5m17s
 18500K .......... .......... .......... .......... .......... 30%  199K 5m17s
 18550K .......... .......... .......... .......... .......... 30%  107K 5m16s
 18600K .......... .......... .......... .......... .......... 30%  201K 5m16s
 18650K .......... .......... .......... .......... .......... 30%  106K 5m16s
 18700K .......... .......... .......... .......... .......... 31%  199K 5m15s
 18750K .......... .......... .......... .......... .......... 31%  105K 5m15s
 18800K .......... .......... .......... .......... .......... 31%  110K 5m15s
 18850K .......... .......... .......... .......... .......... 31%  201K 5m14s
 18900K .......... .......... .......... .......... .......... 31%  107K 5m14s
 18950K .......... .......... .......... .......... .......... 31%  199K 5m13s
 19000K .......... .......... .......... .......... .......... 31%  107K 5m13s
 19050K .......... .......... .......... .......... .......... 31%  199K 5m12s
 19100K .......... .......... .......... .......... .......... 31%  107K 5m12s
 19150K .......... .......... .......... .......... .......... 31%  104K 5m12s
 19200K .......... .......... .......... .......... .......... 31%  190K 5m11s
 19250K .......... .......... .......... .......... .......... 31%  110K 5m11s
 19300K .......... .......... .......... .......... .......... 32%  110K 5m11s
 19350K .......... .......... .......... .......... .......... 32%  201K 5m10s
 19400K .......... .......... .......... .......... .......... 32%  106K 5m10s
 19450K .......... .......... .......... .......... .......... 32%  201K 5m9s
 19500K .......... .......... .......... .......... .......... 32%  107K 5m9s
 19550K .......... .......... .......... .......... .......... 32%  104K 5m9s
 19600K .......... .......... .......... .......... .......... 32%  201K 5m8s
 19650K .......... .......... .......... .......... .......... 32%  107K 5m8s
 19700K .......... .......... .......... .......... .......... 32%  199K 5m8s
 19750K .......... .......... .......... .......... .......... 32%  107K 5m7s
 19800K .......... .......... .......... .......... .......... 32%  201K 5m7s
 19850K .......... .......... .......... .......... .......... 32%  107K 5m6s
 19900K .......... .......... .......... .......... .......... 33%  107K 5m6s
 19950K .......... .......... .......... .......... .......... 33%  104K 5m6s
 20000K .......... .......... .......... .......... .......... 33%  206K 5m5s
 20050K .......... .......... .......... .......... .......... 33%  106K 5m5s
 20100K .......... .......... .......... .......... .......... 33%  204K 5m5s
 20150K .......... .......... .......... .......... .......... 33%  107K 5m4s
 20200K .......... .......... .......... .......... .......... 33%  202K 5m4s
 20250K .......... .......... .......... .......... .......... 33%  107K 5m4s
 20300K .......... .......... .......... .......... .......... 33%  201K 5m3s
 20350K .......... .......... .......... .......... .......... 33%  105K 5m3s
 20400K .......... .......... .......... .......... .......... 33%  107K 5m3s
 20450K .......... .......... .......... .......... .......... 33%  197K 5m2s
 20500K .......... .......... .......... .......... .......... 34%  110K 5m2s
 20550K .......... .......... .......... .......... .......... 34%  108K 5m1s
 20600K .......... .......... .......... .......... .......... 34%  199K 5m1s
 20650K .......... .......... .......... .......... .......... 34%  109K 5m1s
 20700K .......... .......... .......... .......... .......... 34%  214K 5m0s
 20750K .......... .......... .......... .......... .......... 34%  105K 5m0s
 20800K .......... .......... .......... .......... .......... 34%  112K 5m0s
 20850K .......... .......... .......... .......... .......... 34%  107K 4m59s
 20900K .......... .......... .......... .......... .......... 34%  199K 4m59s
 20950K .......... .......... .......... .......... .......... 34%  108K 4m58s
 21000K .......... .......... .......... .......... .......... 34%  211K 4m58s
 21050K .......... .......... .......... .......... .......... 34%  107K 4m58s
 21100K .......... .......... .......... .......... .......... 35%  199K 4m57s
 21150K .......... .......... .......... .......... .......... 35%  104K 4m57s
 21200K .......... .......... .......... .......... .......... 35%  107K 4m57s
 21250K .......... .......... .......... .......... .......... 35%  199K 4m56s
 21300K .......... .......... .......... .......... .......... 35%  107K 4m56s
 21350K .......... .......... .......... .......... .......... 35%  201K 4m55s
 21400K .......... .......... .......... .......... .......... 35%  107K 4m55s
 21450K .......... .......... .......... .......... .......... 35%  204K 4m54s
 21500K .......... .......... .......... .......... .......... 35%  107K 4m54s
 21550K .......... .......... .......... .......... .......... 35%  104K 4m54s
 21600K .......... .......... .......... .......... .......... 35%  190K 4m53s
 21650K .......... .......... .......... .......... .......... 35%  110K 4m53s
 21700K .......... .......... .......... .......... .......... 36%  110K 4m53s
 21750K .......... .......... .......... .......... .......... 36%  202K 4m52s
 21800K .......... .......... .......... .......... .......... 36%  107K 4m52s
 21850K .......... .......... .......... .......... .......... 36%  199K 4m51s
 21900K .......... .......... .......... .......... .......... 36%  107K 4m51s
 21950K .......... .......... .......... .......... .......... 36%  104K 4m51s
 22000K .......... .......... .......... .......... .......... 36%  199K 4m50s
 22050K .......... .......... .......... .......... .......... 36%  107K 4m50s
 22100K .......... .......... .......... .......... .......... 36%  199K 4m50s
 22150K .......... .......... .......... .......... .......... 36%  108K 4m49s
 22200K .......... .......... .......... .......... .......... 36%  109K 4m49s
 22250K .......... .......... .......... .......... .......... 36%  201K 4m48s
 22300K .......... .......... .......... .......... .......... 37%  109K 4m48s
 22350K .......... .......... .......... .......... .......... 37%  104K 4m48s
 22400K .......... .......... .......... .......... .......... 37%  212K 4m47s
 22450K .......... .......... .......... .......... .......... 37%  106K 4m47s
 22500K .......... .......... .......... .......... .......... 37%  201K 4m47s
 22550K .......... .......... .......... .......... .......... 37%  110K 4m46s
 22600K .......... .......... .......... .......... .......... 37%  201K 4m46s
 22650K .......... .......... .......... .......... .......... 37%  107K 4m45s
 22700K .......... .......... .......... .......... .......... 37%  197K 4m45s
 22750K .......... .......... .......... .......... .......... 37% 72.2K 4m45s
 22800K .......... .......... .......... .......... .......... 37%  197K 4m44s
 22850K .......... .......... .......... .......... .......... 37%  107K 4m44s
 22900K .......... .......... .......... .......... .......... 38%  201K 4m44s
 22950K .......... .......... .......... .......... .......... 38%  107K 4m43s
 23000K .......... .......... .......... .......... .......... 38%  207K 4m43s
 23050K .......... .......... .......... .......... .......... 38%  107K 4m43s
 23100K .......... .......... .......... .......... .......... 38%  206K 4m42s
 23150K .......... .......... .......... .......... .......... 38%  104K 4m42s
 23200K .......... .......... .......... .......... .......... 38%  109K 4m41s
 23250K .......... .......... .......... .......... .......... 38%  191K 4m41s
 23300K .......... .......... .......... .......... .......... 38%  109K 4m41s
 23350K .......... .......... .......... .......... .......... 38%  108K 4m40s
 23400K .......... .......... .......... .......... .......... 38%  205K 4m40s
 23450K .......... .......... .......... .......... .......... 38%  109K 4m40s
 23500K .......... .......... .......... .......... .......... 39%  212K 4m39s
 23550K .......... .......... .......... .......... .......... 39%  105K 4m39s
 23600K .......... .......... .......... .......... .......... 39%  110K 4m38s
 23650K .......... .......... .......... .......... .......... 39%  201K 4m38s
 23700K .......... .......... .......... .......... .......... 39%  107K 4m38s
 23750K .......... .......... .......... .......... .......... 39%  199K 4m37s
 23800K .......... .......... .......... .......... .......... 39%  107K 4m37s
 23850K .......... .......... .......... .......... .......... 39%  107K 4m37s
 23900K .......... .......... .......... .......... .......... 39%  201K 4m36s
 23950K .......... .......... .......... .......... .......... 39%  104K 4m36s
 24000K .......... .......... .......... .......... .......... 39%  109K 4m36s
 24050K .......... .......... .......... .......... .......... 39%  201K 4m35s
 24100K .......... .......... .......... .......... .......... 40%  107K 4m35s
 24150K .......... .......... .......... .......... .......... 40%  207K 4m34s
 24200K .......... .......... .......... .......... .......... 40%  107K 4m34s
 24250K .......... .......... .......... .......... .......... 40%  199K 4m33s
 24300K .......... .......... .......... .......... .......... 40%  106K 4m33s
 24350K .......... .......... .......... .......... .......... 40%  104K 4m33s
 24400K .......... .......... .......... .......... .......... 40%  201K 4m32s
 24450K .......... .......... .......... .......... .......... 40%  107K 4m32s
 24500K .......... .......... .......... .......... .......... 40%  107K 4m32s
 24550K .......... .......... .......... .......... .......... 40%  202K 4m31s
 24600K .......... .......... .......... .......... .......... 40%  107K 4m31s
 24650K .......... .......... .......... .......... .......... 40%  201K 4m30s
 24700K .......... .......... .......... .......... .......... 41%  107K 4m30s
 24750K .......... .......... .......... .......... .......... 41%  105K 4m30s
 24800K .......... .......... .......... .......... .......... 41%  201K 4m29s
 24850K .......... .......... .......... .......... .......... 41%  107K 4m29s
 24900K .......... .......... .......... .......... .......... 41%  198K 4m28s
 24950K .......... .......... .......... .......... .......... 41%  107K 4m28s
 25000K .......... .......... .......... .......... .......... 41%  202K 4m28s
 25050K .......... .......... .......... .......... .......... 41%  106K 4m27s
 25100K .......... .......... .......... .......... .......... 41%  202K 4m27s
 25150K .......... .......... .......... .......... .......... 41% 72.9K 4m27s
 25200K .......... .......... .......... .......... .......... 41%  199K 4m26s
 25250K .......... .......... .......... .......... .......... 41%  167K 4m26s
 25300K .......... .......... .......... .......... .......... 42%  109K 4m26s
 25350K .......... .......... .......... .......... .......... 42%  207K 4m25s
 25400K .......... .......... .......... .......... .......... 42%  107K 4m25s
 25450K .......... .......... .......... .......... .......... 42%  107K 4m24s
 25500K .......... .......... .......... .......... .......... 42%  205K 4m24s
 25550K .......... .......... .......... .......... .......... 42%  104K 4m24s
 25600K .......... .......... .......... .......... .......... 42%  110K 4m23s
 25650K .......... .......... .......... .......... .......... 42%  199K 4m23s
 25700K .......... .......... .......... .......... .......... 42%  109K 4m23s
 25750K .......... .......... .......... .......... .......... 42%  192K 4m22s
 25800K .......... .......... .......... .......... .......... 42%  110K 4m22s
 25850K .......... .......... .......... .......... .......... 42%  109K 4m21s
 25900K .......... .......... .......... .......... .......... 42%  199K 4m21s
 25950K .......... .......... .......... .......... .......... 43%  105K 4m21s
 26000K .......... .......... .......... .......... .......... 43%  109K 4m20s
 26050K .......... .......... .......... .......... .......... 43%  199K 4m20s
 26100K .......... .......... .......... .......... .......... 43%  107K 4m20s
 26150K .......... .......... .......... .......... .......... 43%  202K 4m19s
 26200K .......... .......... .......... .......... .......... 43%  107K 4m19s
 26250K .......... .......... .......... .......... .......... 43%  199K 4m18s
 26300K .......... .......... .......... .......... .......... 43%  107K 4m18s
 26350K .......... .......... .......... .......... .......... 43%  108K 4m18s
 26400K .......... .......... .......... .......... .......... 43%  190K 4m17s
 26450K .......... .......... .......... .......... .......... 43%  110K 4m17s
 26500K .......... .......... .......... .......... .......... 43%  107K 4m17s
 26550K .......... .......... .......... .......... .......... 44%  206K 4m16s
 26600K .......... .......... .......... .......... .......... 44%  110K 4m16s
 26650K .......... .......... .......... .......... .......... 44%  201K 4m15s
 26700K .......... .......... .......... .......... .......... 44%  107K 4m15s
 26750K .......... .......... .......... .......... .......... 44%  104K 4m15s
 26800K .......... .......... .......... .......... .......... 44%  209K 4m14s
 26850K .......... .......... .......... .......... .......... 44%  109K 4m14s
 26900K .......... .......... .......... .......... .......... 44%  107K 4m14s
 26950K .......... .......... .......... .......... .......... 44%  201K 4m13s
 27000K .......... .......... .......... .......... .......... 44%  108K 4m13s
 27050K .......... .......... .......... .......... .......... 44%  201K 4m12s
 27100K .......... .......... .......... .......... .......... 44%  107K 4m12s
 27150K .......... .......... .......... .......... .......... 45%  108K 4m12s
 27200K .......... .......... .......... .......... .......... 45%  209K 4m11s
 27250K .......... .......... .......... .......... .......... 45%  110K 4m11s
 27300K .......... .......... .......... .......... .......... 45%  201K 4m10s
 27350K .......... .......... .......... .......... .......... 45%  109K 4m10s
 27400K .......... .......... .......... .......... .......... 45%  107K 4m10s
 27450K .......... .......... .......... .......... .......... 45%  201K 4m9s
 27500K .......... .......... .......... .......... .......... 45%  107K 4m9s
 27550K .......... .......... .......... .......... .......... 45%  104K 4m9s
 27600K .......... .......... .......... .......... .......... 45%  209K 4m8s
 27650K .......... .......... .......... .......... .......... 45%  107K 4m8s
 27700K .......... .......... .......... .......... .......... 45%  199K 4m7s
 27750K .......... .......... .......... .......... .......... 46%  107K 4m7s
 27800K .......... .......... .......... .......... .......... 46%  109K 4m7s
 27850K .......... .......... .......... .......... .......... 46%  201K 4m6s
 27900K .......... .......... .......... .......... .......... 46%  107K 4m6s
 27950K .......... .......... .......... .......... .......... 46%  182K 4m5s
 28000K .......... .......... .......... .......... .......... 46%  112K 4m5s
 28050K .......... .......... .......... .......... .......... 46%  107K 4m5s
 28100K .......... .......... .......... .......... .......... 46%  201K 4m4s
 28150K .......... .......... .......... .......... .......... 46%  106K 4m4s
 28200K .......... .......... .......... .......... .......... 46%  205K 4m4s
 28250K .......... .......... .......... .......... .......... 46%  107K 4m3s
 28300K .......... .......... .......... .......... .......... 46%  199K 4m3s
 28350K .......... .......... .......... .......... .......... 47%  108K 4m2s
 28400K .......... .......... .......... .......... .......... 47%  109K 4m2s
 28450K .......... .......... .......... .......... .......... 47%  110K 4m2s
 28500K .......... .......... .......... .......... .......... 47%  199K 4m1s
 28550K .......... .......... .......... .......... .......... 47%  107K 4m1s
 28600K .......... .......... .......... .......... .......... 47%  201K 4m1s
 28650K .......... .......... .......... .......... .......... 47%  107K 4m0s
 28700K .......... .......... .......... .......... .......... 47%  201K 4m0s
 28750K .......... .......... .......... .......... .......... 47%  104K 3m59s
 28800K .......... .......... .......... .......... .......... 47%  107K 3m59s
 28850K .......... .......... .......... .......... .......... 47%  199K 3m59s
 28900K .......... .......... .......... .......... .......... 47%  107K 3m58s
 28950K .......... .......... .......... .......... .......... 48%  201K 3m58s
 29000K .......... .......... .......... .......... .......... 48%  107K 3m58s
 29050K .......... .......... .......... .......... .......... 48%  107K 3m57s
 29100K .......... .......... .......... .......... .......... 48%  199K 3m57s
 29150K .......... .......... .......... .......... .......... 48%  104K 3m57s
 29200K .......... .......... .......... .......... .......... 48%  107K 3m56s
 29250K .......... .......... .......... .......... .......... 48%  201K 3m56s
 29300K .......... .......... .......... .......... .......... 48%  107K 3m55s
 29350K .......... .......... .......... .......... .......... 48%  201K 3m55s
 29400K .......... .......... .......... .......... .......... 48%  107K 3m55s
 29450K .......... .......... .......... .......... .......... 48%  199K 3m54s
 29500K .......... .......... .......... .......... .......... 48%  107K 3m54s
 29550K .......... .......... .......... .......... .......... 49%  107K 3m54s
 29600K .......... .......... .......... .......... .......... 49%  199K 3m53s
 29650K .......... .......... .......... .......... .......... 49%  107K 3m53s
 29700K .......... .......... .......... .......... .......... 49%  201K 3m52s
 29750K .......... .......... .......... .......... .......... 49% 98.7K 3m52s
 29800K .......... .......... .......... .......... .......... 49%  201K 3m51s
 29850K .......... .......... .......... .......... .......... 49%  107K 3m51s
 29900K .......... .......... .......... .......... .......... 49%  209K 3m51s
 29950K .......... .......... .......... .......... .......... 49%  104K 3m50s
 30000K .......... .......... .......... .......... .......... 49%  108K 3m50s
 30050K .......... .......... .......... .......... .......... 49%  190K 3m50s
 30100K .......... .......... .......... .......... .......... 49%  110K 3m49s
 30150K .......... .......... .......... .......... .......... 50%  106K 3m49s
 30200K .......... .......... .......... .......... .......... 50%  200K 3m48s
 30250K .......... .......... .......... .......... .......... 50%  107K 3m48s
 30300K .......... .......... .......... .......... .......... 50%  201K 3m48s
 30350K .......... .......... .......... .......... .......... 50%  104K 3m47s
 30400K .......... .......... .......... .......... .......... 50%  107K 3m47s
 30450K .......... .......... .......... .......... .......... 50%  201K 3m47s
 30500K .......... .......... .......... .......... .......... 50%  106K 3m46s
 30550K .......... .......... .......... .......... .......... 50%  206K 3m46s
 30600K .......... .......... .......... .......... .......... 50%  107K 3m46s
 30650K .......... .......... .......... .......... .......... 50%  197K 3m45s
 30700K .......... .......... .......... .......... .......... 50%  110K 3m45s
 30750K .......... .......... .......... .......... .......... 51%  104K 3m44s
 30800K .......... .......... .......... .......... .......... 51%  109K 3m44s
 30850K .......... .......... .......... .......... .......... 51%  199K 3m44s
 30900K .......... .......... .......... .......... .......... 51%  107K 3m43s
 30950K .......... .......... .......... .......... .......... 51%  201K 3m43s
 31000K .......... .......... .......... .......... .......... 51%  107K 3m43s
 31050K .......... .......... .......... .......... .......... 51%  199K 3m42s
 31100K .......... .......... .......... .......... .......... 51%  109K 3m42s
 31150K .......... .......... .......... .......... .......... 51%  104K 3m41s
 31200K .......... .......... .......... .......... .......... 51%  109K 3m41s
 31250K .......... .......... .......... .......... .......... 51%  201K 3m41s
 31300K .......... .......... .......... .......... .......... 51%  201K 3m40s
 31350K .......... .......... .......... .......... .......... 52%  107K 3m40s
 31400K .......... .......... .......... .......... .......... 52%  107K 3m40s
 31450K .......... .......... .......... .......... .......... 52%  201K 3m39s
 31500K .......... .......... .......... .......... .......... 52%  106K 3m39s
 31550K .......... .......... .......... .......... .......... 52%  105K 3m38s
 31600K .......... .......... .......... .......... .......... 52%  201K 3m38s
 31650K .......... .......... .......... .......... .......... 52%  111K 3m38s
 31700K .......... .......... .......... .......... .......... 52%  199K 3m37s
 31750K .......... .......... .......... .......... .......... 52%  108K 3m37s
 31800K .......... .......... .......... .......... .......... 52%  189K 3m36s
 31850K .......... .......... .......... .......... .......... 52%  109K 3m36s
 31900K .......... .......... .......... .......... .......... 52%  201K 3m36s
 31950K .......... .......... .......... .......... .......... 53% 71.8K 3m35s
 32000K .......... .......... .......... .......... .......... 53%  211K 3m35s
 32050K .......... .......... .......... .......... .......... 53%  107K 3m35s
 32100K .......... .......... .......... .......... .......... 53%  203K 3m34s
 32150K .......... .......... .......... .......... .......... 53%  107K 3m34s
 32200K .......... .......... .......... .......... .......... 53%  201K 3m33s
 32250K .......... .......... .......... .......... .......... 53%  107K 3m33s
 32300K .......... .......... .......... .......... .......... 53%  199K 3m33s
 32350K .......... .......... .......... .......... .......... 53%  105K 3m32s
 32400K .......... .......... .......... .......... .......... 53%  109K 3m32s
 32450K .......... .......... .......... .......... .......... 53%  110K 3m32s
 32500K .......... .......... .......... .......... .......... 53%  199K 3m31s
 32550K .......... .......... .......... .......... .......... 54%  107K 3m31s
 32600K .......... .......... .......... .......... .......... 54%  199K 3m30s
 32650K .......... .......... .......... .......... .......... 54%  110K 3m30s
 32700K .......... .......... .......... .......... .......... 54%  199K 3m30s
 32750K .......... .......... .......... .......... .......... 54%  105K 3m29s
 32800K .......... .......... .......... .......... .......... 54%  107K 3m29s
 32850K .......... .......... .......... .......... .......... 54%  201K 3m28s
 32900K .......... .......... .......... .......... .......... 54%  107K 3m28s
 32950K .......... .......... .......... .......... .......... 54%  201K 3m28s
 33000K .......... .......... .......... .......... .......... 54%  109K 3m27s
 33050K .......... .......... .......... .......... .......... 54%  106K 3m27s
 33100K .......... .......... .......... .......... .......... 54%  201K 3m27s
 33150K .......... .......... .......... .......... .......... 55%  104K 3m26s
 33200K .......... .......... .......... .......... .......... 55%  107K 3m26s
 33250K .......... .......... .......... .......... .......... 55%  209K 3m25s
 33300K .......... .......... .......... .......... .......... 55%  107K 3m25s
 33350K .......... .......... .......... .......... .......... 55%  201K 3m25s
 33400K .......... .......... .......... .......... .......... 55%  109K 3m24s
 33450K .......... .......... .......... .......... .......... 55%  202K 3m24s
 33500K .......... .......... .......... .......... .......... 55%  109K 3m24s
 33550K .......... .......... .......... .......... .......... 55%  104K 3m23s
 33600K .......... .......... .......... .......... .......... 55%  113K 3m23s
 33650K .......... .......... .......... .......... .......... 55%  204K 3m22s
 33700K .......... .......... .......... .......... .......... 55%  107K 3m22s
 33750K .......... .......... .......... .......... .......... 56%  199K 3m22s
 33800K .......... .......... .......... .......... .......... 56%  113K 3m21s
 33850K .......... .......... .......... .......... .......... 56%  190K 3m21s
 33900K .......... .......... .......... .......... .......... 56%  110K 3m20s
 33950K .......... .......... .......... .......... .......... 56%  104K 3m20s
 34000K .......... .......... .......... .......... .......... 56%  185K 3m20s
 34050K .......... .......... .......... .......... .......... 56%  111K 3m19s
 34100K .......... .......... .......... .......... .......... 56%  109K 3m19s
 34150K .......... .......... .......... .......... .......... 56%  199K 3m19s
 34200K .......... .......... .......... .......... .......... 56%  106K 3m18s
 34250K .......... .......... .......... .......... .......... 56%  203K 3m18s
 34300K .......... .......... .......... .......... .......... 56%  107K 3m17s
 34350K .......... .......... .......... .......... .......... 56%  105K 3m17s
 34400K .......... .......... .......... .......... .......... 57%  199K 3m17s
 34450K .......... .......... .......... .......... .......... 57%  107K 3m16s
 34500K .......... .......... .......... .......... .......... 57%  201K 3m16s
 34550K .......... .......... .......... .......... .......... 57%  107K 3m16s
 34600K .......... .......... .......... .......... .......... 57%  201K 3m15s
 34650K .......... .......... .......... .......... .......... 57%  107K 3m15s
 34700K .......... .......... .......... .......... .......... 57%  107K 3m14s
 34750K .......... .......... .......... .......... .......... 57%  105K 3m14s
 34800K .......... .......... .......... .......... .......... 57%  199K 3m14s
 34850K .......... .......... .......... .......... .......... 57%  107K 3m13s
 34900K .......... .......... .......... .......... .......... 57%  199K 3m13s
 34950K .......... .......... .......... .......... .......... 57%  107K 3m13s
 35000K .......... .......... .......... .......... .......... 58%  202K 3m12s
 35050K .......... .......... .......... .......... .......... 58%  108K 3m12s
 35100K .......... .......... .......... .......... .......... 58%  201K 3m11s
 35150K .......... .......... .......... .......... .......... 58%  104K 3m11s
 35200K .......... .......... .......... .......... .......... 58%  107K 3m11s
 35250K .......... .......... .......... .......... .......... 58%  201K 3m10s
 35300K .......... .......... .......... .......... .......... 58%  107K 3m10s
 35350K .......... .......... .......... .......... .......... 58%  112K 3m10s
 35400K .......... .......... .......... .......... .......... 58%  205K 3m9s
 35450K .......... .......... .......... .......... .......... 58%  110K 3m9s
 35500K .......... .......... .......... .......... .......... 58%  199K 3m8s
 35550K .......... .......... .......... .......... .......... 58%  105K 3m8s
 35600K .......... .......... .......... .......... .......... 59%  107K 3m8s
 35650K .......... .......... .......... .......... .......... 59%  199K 3m7s
 35700K .......... .......... .......... .......... .......... 59%  107K 3m7s
 35750K .......... .......... .......... .......... .......... 59%  192K 3m6s
 35800K .......... .......... .......... .......... .......... 59%  109K 3m6s
 35850K .......... .......... .......... .......... .......... 59%  107K 3m6s
 35900K .......... .......... .......... .......... .......... 59%  201K 3m5s
 35950K .......... .......... .......... .......... .......... 59%  104K 3m5s
 36000K .......... .......... .......... .......... .......... 59%  107K 3m5s
 36050K .......... .......... .......... .......... .......... 59%  201K 3m4s
 36100K .......... .......... .......... .......... .......... 59%  108K 3m4s
 36150K .......... .......... .......... .......... .......... 59%  197K 3m3s
 36200K .......... .......... .......... .......... .......... 60%  109K 3m3s
 36250K .......... .......... .......... .......... .......... 60%  201K 3m3s
 36300K .......... .......... .......... .......... .......... 60%  107K 3m2s
 36350K .......... .......... .......... .......... .......... 60%  104K 3m2s
 36400K .......... .......... .......... .......... .......... 60%  190K 3m2s
 36450K .......... .......... .......... .......... .......... 60%  110K 3m1s
 36500K .......... .......... .......... .......... .......... 60%  108K 3m1s
 36550K .......... .......... .......... .......... .......... 60%  199K 3m0s
 36600K .......... .......... .......... .......... .......... 60%  107K 3m0s
 36650K .......... .......... .......... .......... .......... 60%  199K 3m0s
 36700K .......... .......... .......... .......... .......... 60%  111K 2m59s
 36750K .......... .......... .......... .......... .......... 60%  104K 2m59s
 36800K .......... .......... .......... .......... .......... 61%  199K 2m59s
 36850K .......... .......... .......... .......... .......... 61%  110K 2m58s
 36900K .......... .......... .......... .......... .......... 61%  209K 2m58s
 36950K .......... .......... .......... .......... .......... 61%  107K 2m57s
 37000K .......... .......... .......... .......... .......... 61%  199K 2m57s
 37050K .......... .......... .......... .......... .......... 61%  112K 2m57s
 37100K .......... .......... .......... .......... .......... 61%  108K 2m56s
 37150K .......... .......... .......... .......... .......... 61%  104K 2m56s
 37200K .......... .......... .......... .......... .......... 61%  204K 2m55s
 37250K .......... .......... .......... .......... .......... 61%  107K 2m55s
 37300K .......... .......... .......... .......... .......... 61%  199K 2m55s
 37350K .......... .......... .......... .......... .......... 61%  107K 2m54s
 37400K .......... .......... .......... .......... .......... 62%  201K 2m54s
 37450K .......... .......... .......... .......... .......... 62%  107K 2m54s
 37500K .......... .......... .......... .......... .......... 62%  192K 2m53s
 37550K .......... .......... .......... .......... .......... 62%  108K 2m53s
 37600K .......... .......... .......... .......... .......... 62%  107K 2m52s
 37650K .......... .......... .......... .......... .......... 62%  107K 2m52s
 37700K .......... .......... .......... .......... .......... 62%  199K 2m52s
 37750K .......... .......... .......... .......... .......... 62%  110K 2m51s
 37800K .......... .......... .......... .......... .......... 62%  197K 2m51s
 37850K .......... .......... .......... .......... .......... 62%  110K 2m51s
 37900K .......... .......... .......... .......... .......... 62%  199K 2m50s
 37950K .......... .......... .......... .......... .......... 62%  107K 2m50s
 38000K .......... .......... .......... .......... .......... 63%  108K 2m49s
 38050K .......... .......... .......... .......... .......... 63%  195K 2m49s
 38100K .......... .......... .......... .......... .......... 63%  110K 2m49s
 38150K .......... .......... .......... .......... .......... 63%  108K 2m48s
 38200K .......... .......... .......... .......... .......... 63%  201K 2m48s
 38250K .......... .......... .......... .......... .......... 63%  106K 2m48s
 38300K .......... .......... .......... .......... .......... 63%  200K 2m47s
 38350K .......... .......... .......... .......... .......... 63%  107K 2m47s
 38400K .......... .......... .......... .......... .......... 63%  107K 2m46s
 38450K .......... .......... .......... .......... .......... 63%  199K 2m46s
 38500K .......... .......... .......... .......... .......... 63%  110K 2m46s
 38550K .......... .......... .......... .......... .......... 63%  199K 2m45s
 38600K .......... .......... .......... .......... .......... 64%  109K 2m45s
 38650K .......... .......... .......... .......... .......... 64%  107K 2m45s
 38700K .......... .......... .......... .......... .......... 64%  209K 2m44s
 38750K .......... .......... .......... .......... .......... 64%  105K 2m44s
 38800K .......... .......... .......... .......... .......... 64%  110K 2m43s
 38850K .......... .......... .......... .......... .......... 64%  201K 2m43s
 38900K .......... .......... .......... .......... .......... 64%  107K 2m43s
 38950K .......... .......... .......... .......... .......... 64%  199K 2m42s
 39000K .......... .......... .......... .......... .......... 64%  110K 2m42s
 39050K .......... .......... .......... .......... .......... 64%  109K 2m42s
 39100K .......... .......... .......... .......... .......... 64%  199K 2m41s
 39150K .......... .......... .......... .......... .......... 64%  107K 2m41s
 39200K .......... .......... .......... .......... .......... 65%  107K 2m40s
 39250K .......... .......... .......... .......... .......... 65%  199K 2m40s
 39300K .......... .......... .......... .......... .......... 65%  107K 2m40s
 39350K .......... .......... .......... .......... .......... 65%  201K 2m39s
 39400K .......... .......... .......... .......... .......... 65%  107K 2m39s
 39450K .......... .......... .......... .......... .......... 65%  201K 2m38s
 39500K .......... .......... .......... .......... .......... 65%  110K 2m38s
 39550K .......... .......... .......... .......... .......... 65%  104K 2m38s
 39600K .......... .......... .......... .......... .......... 65%  201K 2m37s
 39650K .......... .......... .......... .......... .......... 65%  107K 2m37s
 39700K .......... .......... .......... .......... .......... 65%  201K 2m36s
 39750K .......... .......... .......... .......... .......... 65%  107K 2m36s
 39800K .......... .......... .......... .......... .......... 66%  107K 2m36s
 39850K .......... .......... .......... .......... .......... 66%  202K 2m35s
 39900K .......... .......... .......... .......... .......... 66%  107K 2m35s
 39950K .......... .......... .......... .......... .......... 66%  107K 2m35s
 40000K .......... .......... .......... .......... .......... 66%  211K 2m34s
 40050K .......... .......... .......... .......... .......... 66%  107K 2m34s
 40100K .......... .......... .......... .......... .......... 66%  201K 2m33s
 40150K .......... .......... .......... .......... .......... 66%  107K 2m33s
 40200K .......... .......... .......... .......... .......... 66%  195K 2m33s
 40250K .......... .......... .......... .......... .......... 66%  110K 2m32s
 40300K .......... .......... .......... .......... .......... 66%  189K 2m32s
 40350K .......... .......... .......... .......... .......... 66% 73.4K 2m32s
 40400K .......... .......... .......... .......... .......... 67%  199K 2m31s
 40450K .......... .......... .......... .......... .......... 67%  107K 2m31s
 40500K .......... .......... .......... .......... .......... 67%  201K 2m30s
 40550K .......... .......... .......... .......... .......... 67%  107K 2m30s
 40600K .......... .......... .......... .......... .......... 67%  201K 2m30s
 40650K .......... .......... .......... .......... .......... 67%  107K 2m29s
 40700K .......... .......... .......... .......... .......... 67%  199K 2m29s
 40750K .......... .......... .......... .......... .......... 67%  105K 2m29s
 40800K .......... .......... .......... .......... .......... 67%  107K 2m28s
 40850K .......... .......... .......... .......... .......... 67%  201K 2m28s
 40900K .......... .......... .......... .......... .......... 67%  110K 2m27s
 40950K .......... .......... .......... .......... .......... 67%  106K 2m27s
 41000K .......... .......... .......... .......... .......... 68%  202K 2m27s
 41050K .......... .......... .......... .......... .......... 68%  107K 2m26s
 41100K .......... .......... .......... .......... .......... 68%  209K 2m26s
 41150K .......... .......... .......... .......... .......... 68%  105K 2m26s
 41200K .......... .......... .......... .......... .......... 68%  107K 2m25s
 41250K .......... .......... .......... .......... .......... 68%  201K 2m25s
 41300K .......... .......... .......... .......... .......... 68%  107K 2m24s
 41350K .......... .......... .......... .......... .......... 68%  201K 2m24s
 41400K .......... .......... .......... .......... .......... 68%  108K 2m24s
 41450K .......... .......... .......... .......... .......... 68%  199K 2m23s
 41500K .......... .......... .......... .......... .......... 68%  108K 2m23s
 41550K .......... .......... .......... .......... .......... 68%  105K 2m23s
 41600K .......... .......... .......... .......... .......... 69%  113K 2m22s
 41650K .......... .......... .......... .......... .......... 69%  201K 2m22s
 41700K .......... .......... .......... .......... .......... 69%  107K 2m21s
 41750K .......... .......... .......... .......... .......... 69%  199K 2m21s
 41800K .......... .......... .......... .......... .......... 69%  107K 2m21s
 41850K .......... .......... .......... .......... .......... 69%  199K 2m20s
 41900K .......... .......... .......... .......... .......... 69% 99.0K 2m20s
 41950K .......... .......... .......... .......... .......... 69%  105K 2m20s
 42000K .......... .......... .......... .......... .......... 69%  199K 2m19s
 42050K .......... .......... .......... .......... .......... 69%  107K 2m19s
 42100K .......... .......... .......... .......... .......... 69%  201K 2m18s
 42150K .......... .......... .......... .......... .......... 69%  107K 2m18s
 42200K .......... .......... .......... .......... .......... 70%  109K 2m18s
 42250K .......... .......... .......... .......... .......... 70%  199K 2m17s
 42300K .......... .......... .......... .......... .......... 70%  199K 2m17s
 42350K .......... .......... .......... .......... .......... 70% 71.7K 2m16s
 42400K .......... .......... .......... .......... .......... 70%  209K 2m16s
 42450K .......... .......... .......... .......... .......... 70%  108K 2m16s
 42500K .......... .......... .......... .......... .......... 70%  201K 2m15s
 42550K .......... .......... .......... .......... .......... 70%  107K 2m15s
 42600K .......... .......... .......... .......... .......... 70%  202K 2m14s
 42650K .......... .......... .......... .......... .......... 70%  111K 2m14s
 42700K .......... .......... .......... .......... .......... 70%  190K 2m14s
 42750K .......... .......... .......... .......... .......... 70%  105K 2m13s
 42800K .......... .......... .......... .......... .......... 70%  110K 2m13s
 42850K .......... .......... .......... .......... .......... 71%  107K 2m13s
 42900K .......... .......... .......... .......... .......... 71%  199K 2m12s
 42950K .......... .......... .......... .......... .......... 71%  107K 2m12s
 43000K .......... .......... .......... .......... .......... 71%  201K 2m11s
 43050K .......... .......... .......... .......... .......... 71%  107K 2m11s
 43100K .......... .......... .......... .......... .......... 71%  199K 2m11s
 43150K .......... .......... .......... .......... .......... 71%  108K 2m10s
 43200K .......... .......... .......... .......... .......... 71%  107K 2m10s
 43250K .......... .......... .......... .......... .......... 71%  202K 2m10s
 43300K .......... .......... .......... .......... .......... 71%  110K 2m9s
 43350K .......... .......... .......... .......... .......... 71%  107K 2m9s
 43400K .......... .......... .......... .......... .......... 71%  199K 2m8s
 43450K .......... .......... .......... .......... .......... 72%  110K 2m8s
 43500K .......... .......... .......... .......... .......... 72%  199K 2m8s
 43550K .......... .......... .......... .......... .......... 72%  104K 2m7s
 43600K .......... .......... .......... .......... .......... 72%  107K 2m7s
 43650K .......... .......... .......... .......... .......... 72%  201K 2m7s
 43700K .......... .......... .......... .......... .......... 72%  107K 2m6s
 43750K .......... .......... .......... .......... .......... 72%  199K 2m6s
 43800K .......... .......... .......... .......... .......... 72%  107K 2m5s
 43850K .......... .......... .......... .......... .......... 72%  199K 2m5s
 43900K .......... .......... .......... .......... .......... 72%  108K 2m5s
 43950K .......... .......... .......... .......... .......... 72%  104K 2m4s
 44000K .......... .......... .......... .......... .......... 72%  108K 2m4s
 44050K .......... .......... .......... .......... .......... 73%  201K 2m4s
 44100K .......... .......... .......... .......... .......... 73%  107K 2m3s
 44150K .......... .......... .......... .......... .......... 73%  199K 2m3s
 44200K .......... .......... .......... .......... .......... 73%  107K 2m2s
 44250K .......... .......... .......... .......... .......... 73%  199K 2m2s
 44300K .......... .......... .......... .......... .......... 73%  108K 2m2s
 44350K .......... .......... .......... .......... .......... 73%  105K 2m1s
 44400K .......... .......... .......... .......... .......... 73%  201K 2m1s
 44450K .......... .......... .......... .......... .......... 73%  110K 2m1s
 44500K .......... .......... .......... .......... .......... 73%  202K 2m0s
 44550K .......... .......... .......... .......... .......... 73%  107K 2m0s
 44600K .......... .......... .......... .......... .......... 73%  199K 1m59s
 44650K .......... .......... .......... .......... .......... 74%  109K 1m59s
 44700K .......... .......... .......... .......... .......... 74%  107K 1m59s
 44750K .......... .......... .......... .......... .......... 74%  104K 1m58s
 44800K .......... .......... .......... .......... .......... 74%  201K 1m58s
 44850K .......... .......... .......... .......... .......... 74%  107K 1m57s
 44900K .......... .......... .......... .......... .......... 74%  201K 1m57s
 44950K .......... .......... .......... .......... .......... 74%  108K 1m57s
 45000K .......... .......... .......... .......... .......... 74%  199K 1m56s
 45050K .......... .......... .......... .......... .......... 74%  107K 1m56s
 45100K .......... .......... .......... .......... .......... 74%  202K 1m56s
 45150K .......... .......... .......... .......... .......... 74%  106K 1m55s
 45200K .......... .......... .......... .......... .......... 74%  110K 1m55s
 45250K .......... .......... .......... .......... .......... 75%  107K 1m54s
 45300K .......... .......... .......... .......... .......... 75%  199K 1m54s
 45350K .......... .......... .......... .......... .......... 75%  109K 1m54s
 45400K .......... .......... .......... .......... .......... 75%  201K 1m53s
 45450K .......... .......... .......... .......... .......... 75%  107K 1m53s
 45500K .......... .......... .......... .......... .......... 75%  199K 1m52s
 45550K .......... .......... .......... .......... .......... 75%  104K 1m52s
 45600K .......... .......... .......... .......... .......... 75%  107K 1m52s
 45650K .......... .......... .......... .......... .......... 75%  209K 1m51s
 45700K .......... .......... .......... .......... .......... 75%  112K 1m51s
 45750K .......... .......... .......... .......... .......... 75%  107K 1m51s
 45800K .......... .......... .......... .......... .......... 75%  199K 1m50s
 45850K .......... .......... .......... .......... .......... 76%  107K 1m50s
 45900K .......... .......... .......... .......... .......... 76%  201K 1m49s
 45950K .......... .......... .......... .......... .......... 76%  104K 1m49s
 46000K .......... .......... .......... .......... .......... 76%  107K 1m49s
 46050K .......... .......... .......... .......... .......... 76%  199K 1m48s
 46100K .......... .......... .......... .......... .......... 76%  107K 1m48s
 46150K .......... .......... .......... .......... .......... 76%  201K 1m48s
 46200K .......... .......... .......... .......... .......... 76%  109K 1m47s
 46250K .......... .......... .......... .......... .......... 76%  201K 1m47s
 46300K .......... .......... .......... .......... .......... 76%  107K 1m46s
 46350K .......... .......... .......... .......... .......... 76%  104K 1m46s
 46400K .......... .......... .......... .......... .......... 76%  202K 1m46s
 46450K .......... .......... .......... .......... .......... 77%  106K 1m45s
 46500K .......... .......... .......... .......... .......... 77%  109K 1m45s
 46550K .......... .......... .......... .......... .......... 77%  199K 1m45s
 46600K .......... .......... .......... .......... .......... 77%  107K 1m44s
 46650K .......... .......... .......... .......... .......... 77%  199K 1m44s
 46700K .......... .......... .......... .......... .......... 77%  110K 1m43s
 46750K .......... .......... .......... .......... .......... 77%  104K 1m43s
 46800K .......... .......... .......... .......... .......... 77%  209K 1m43s
 46850K .......... .......... .......... .......... .......... 77%  109K 1m42s
 46900K .......... .......... .......... .......... .......... 77%  107K 1m42s
 46950K .......... .......... .......... .......... .......... 77%  209K 1m41s
 47000K .......... .......... .......... .......... .......... 77%  107K 1m41s
 47050K .......... .......... .......... .......... .......... 78%  199K 1m41s
 47100K .......... .......... .......... .......... .......... 78%  107K 1m40s
 47150K .......... .......... .......... .......... .......... 78%  104K 1m40s
 47200K .......... .......... .......... .......... .......... 78%  201K 1m40s
 47250K .......... .......... .......... .......... .......... 78%  109K 99s
 47300K .......... .......... .......... .......... .......... 78%  199K 99s
 47350K .......... .......... .......... .......... .......... 78%  107K 98s
 47400K .......... .......... .......... .......... .......... 78%  199K 98s
 47450K .......... .......... .......... .......... .......... 78%  107K 98s
 47500K .......... .......... .......... .......... .......... 78%  199K 97s
 47550K .......... .......... .......... .......... .......... 78% 73.7K 97s
 47600K .......... .......... .......... .......... .......... 78%  201K 97s
 47650K .......... .......... .......... .......... .......... 79%  106K 96s
 47700K .......... .......... .......... .......... .......... 79%  201K 96s
 47750K .......... .......... .......... .......... .......... 79%  106K 95s
 47800K .......... .......... .......... .......... .......... 79%  199K 95s
 47850K .......... .......... .......... .......... .......... 79%  107K 95s
 47900K .......... .......... .......... .......... .......... 79%  204K 94s
 47950K .......... .......... .......... .......... .......... 79%  104K 94s
 48000K .......... .......... .......... .......... .......... 79%  107K 94s
 48050K .......... .......... .......... .......... .......... 79%  192K 93s
 48100K .......... .......... .......... .......... .......... 79%  110K 93s
 48150K .......... .......... .......... .......... .......... 79%  109K 92s
 48200K .......... .......... .......... .......... .......... 79%  199K 92s
 48250K .......... .......... .......... .......... .......... 80%  107K 92s
 48300K .......... .......... .......... .......... .......... 80%  199K 91s
 48350K .......... .......... .......... .......... .......... 80%  107K 91s
 48400K .......... .......... .......... .......... .......... 80%  107K 91s
 48450K .......... .......... .......... .......... .......... 80%  204K 90s
 48500K .......... .......... .......... .......... .......... 80%  107K 90s
 48550K .......... .......... .......... .......... .......... 80%  199K 89s
 48600K .......... .......... .......... .......... .......... 80%  106K 89s
 48650K .......... .......... .......... .......... .......... 80%  201K 89s
 48700K .......... .......... .......... .......... .......... 80%  107K 88s
 48750K .......... .......... .......... .......... .......... 80%  104K 88s
 48800K .......... .......... .......... .......... .......... 80%  201K 87s
 48850K .......... .......... .......... .......... .......... 81%  107K 87s
 48900K .......... .......... .......... .......... .......... 81%  108K 87s
 48950K .......... .......... .......... .......... .......... 81%  201K 86s
 49000K .......... .......... .......... .......... .......... 81%  107K 86s
 49050K .......... .......... .......... .......... .......... 81%  201K 86s
 49100K .......... .......... .......... .......... .......... 81%  107K 85s
 49150K .......... .......... .......... .......... .......... 81%  104K 85s
 49200K .......... .......... .......... .......... .......... 81%  206K 84s
 49250K .......... .......... .......... .......... .......... 81%  107K 84s
 49300K .......... .......... .......... .......... .......... 81%  199K 84s
 49350K .......... .......... .......... .......... .......... 81%  107K 83s
 49400K .......... .......... .......... .......... .......... 81%  202K 83s
 49450K .......... .......... .......... .......... .......... 82%  107K 82s
 49500K .......... .......... .......... .......... .......... 82%  190K 82s
 49550K .......... .......... .......... .......... .......... 82%  108K 82s
 49600K .......... .......... .......... .......... .......... 82%  109K 81s
 49650K .......... .......... .......... .......... .......... 82%  107K 81s
 49700K .......... .......... .......... .......... .......... 82%  201K 81s
 49750K .......... .......... .......... .......... .......... 82%  107K 80s
 49800K .......... .......... .......... .......... .......... 82%  204K 80s
 49850K .......... .......... .......... .......... .......... 82%  107K 79s
 49900K .......... .......... .......... .......... .......... 82%  204K 79s
 49950K .......... .......... .......... .......... .......... 82%  104K 79s
 50000K .......... .......... .......... .......... .......... 82%  108K 78s
 50050K .......... .......... .......... .......... .......... 83%  202K 78s
 50100K .......... .......... .......... .......... .......... 83%  107K 78s
 50150K .......... .......... .......... .......... .......... 83%  110K 77s
 50200K .......... .......... .......... .......... .......... 83%  212K 77s
 50250K .......... .......... .......... .......... .......... 83%  108K 76s
 50300K .......... .......... .......... .......... .......... 83%  199K 76s
 50350K .......... .......... .......... .......... .......... 83%  105K 76s
 50400K .......... .......... .......... .......... .......... 83%  107K 75s
 50450K .......... .......... .......... .......... .......... 83%  201K 75s
 50500K .......... .......... .......... .......... .......... 83%  107K 75s
 50550K .......... .......... .......... .......... .......... 83%  199K 74s
 50600K .......... .......... .......... .......... .......... 83%  109K 74s
 50650K .......... .......... .......... .......... .......... 84%  108K 73s
 50700K .......... .......... .......... .......... .......... 84%  201K 73s
 50750K .......... .......... .......... .......... .......... 84%  104K 73s
 50800K .......... .......... .......... .......... .......... 84%  107K 72s
 50850K .......... .......... .......... .......... .......... 84%  199K 72s
 50900K .......... .......... .......... .......... .......... 84%  107K 71s
 50950K .......... .......... .......... .......... .......... 84%  201K 71s
 51000K .......... .......... .......... .......... .......... 84%  107K 71s
 51050K .......... .......... .......... .......... .......... 84%  200K 70s
 51100K .......... .......... .......... .......... .......... 84%  106K 70s
 51150K .......... .......... .......... .......... .......... 84%  105K 70s
 51200K .......... .......... .......... .......... .......... 84%  107K 69s
 51250K .......... .......... .......... .......... .......... 84%  176K 69s
 51300K .......... .......... .......... .......... .......... 85%  216K 68s
 51350K .......... .......... .......... .......... .......... 85%  107K 68s
 51400K .......... .......... .......... .......... .......... 85%  107K 68s
 51450K .......... .......... .......... .......... .......... 85%  199K 67s
 51500K .......... .......... .......... .......... .......... 85%  107K 67s
 51550K .......... .......... .......... .......... .......... 85%  104K 67s
 51600K .......... .......... .......... .......... .......... 85%  201K 66s
 51650K .......... .......... .......... .......... .......... 85%  108K 66s
 51700K .......... .......... .......... .......... .......... 85%  202K 65s
 51750K .......... .......... .......... .......... .......... 85%  106K 65s
 51800K .......... .......... .......... .......... .......... 85%  201K 65s
 51850K .......... .......... .......... .......... .......... 85%  107K 64s
 51900K .......... .......... .......... .......... .......... 86%  199K 64s
 51950K .......... .......... .......... .......... .......... 86%  104K 64s
 52000K .......... .......... .......... .......... .......... 86%  110K 63s
 52050K .......... .......... .......... .......... .......... 86%  201K 63s
 52100K .......... .......... .......... .......... .......... 86%  108K 62s
 52150K .......... .......... .......... .......... .......... 86%  107K 62s
 52200K .......... .......... .......... .......... .......... 86%  199K 62s
 52250K .......... .......... .......... .......... .......... 86%  110K 61s
 52300K .......... .......... .......... .......... .......... 86%  209K 61s
 52350K .......... .......... .......... .......... .......... 86%  105K 60s
 52400K .......... .......... .......... .......... .......... 86%  107K 60s
 52450K .......... .......... .......... .......... .......... 86%  199K 60s
 52500K .......... .......... .......... .......... .......... 87%  107K 59s
 52550K .......... .......... .......... .......... .......... 87%  201K 59s
 52600K .......... .......... .......... .......... .......... 87%  107K 59s
 52650K .......... .......... .......... .......... .......... 87%  199K 58s
 52700K .......... .......... .......... .......... .......... 87%  106K 58s
 52750K .......... .......... .......... .......... .......... 87%  105K 57s
 52800K .......... .......... .......... .......... .......... 87%  108K 57s
 52850K .......... .......... .......... .......... .......... 87%  201K 57s
 52900K .......... .......... .......... .......... .......... 87%  107K 56s
 52950K .......... .......... .......... .......... .......... 87%  199K 56s
 53000K .......... .......... .......... .......... .......... 87%  109K 56s
 53050K .......... .......... .......... .......... .......... 87%  199K 55s
 53100K .......... .......... .......... .......... .......... 88%  107K 55s
 53150K .......... .......... .......... .......... .......... 88%  104K 54s
 53200K .......... .......... .......... .......... .......... 88%  201K 54s
 53250K .......... .......... .......... .......... .......... 88%  112K 54s
 53300K .......... .......... .......... .......... .......... 88%  107K 53s
 53350K .......... .......... .......... .......... .......... 88%  204K 53s
 53400K .......... .......... .......... .......... .......... 88%  107K 52s
 53450K .......... .......... .......... .......... .......... 88%  199K 52s
 53500K .......... .......... .......... .......... .......... 88%  110K 52s
 53550K .......... .......... .......... .......... .......... 88%  104K 51s
 53600K .......... .......... .......... .......... .......... 88%  201K 51s
 53650K .......... .......... .......... .......... .......... 88%  107K 51s
 53700K .......... .......... .......... .......... .......... 89%  199K 50s
 53750K .......... .......... .......... .......... .......... 89%  106K 50s
 53800K .......... .......... .......... .......... .......... 89%  110K 49s
 53850K .......... .......... .......... .......... .......... 89%  201K 49s
 53900K .......... .......... .......... .......... .......... 89%  107K 49s
 53950K .......... .......... .......... .......... .......... 89%  106K 48s
 54000K .......... .......... .......... .......... .......... 89%  201K 48s
 54050K .......... .......... .......... .......... .......... 89%  107K 48s
 54100K .......... .......... .......... .......... .......... 89%  201K 47s
 54150K .......... .......... .......... .......... .......... 89%  107K 47s
 54200K .......... .......... .......... .......... .......... 89%  199K 46s
 54250K .......... .......... .......... .......... .......... 89%  106K 46s
 54300K .......... .......... .......... .......... .......... 90%  201K 46s
 54350K .......... .......... .......... .......... .......... 90%  105K 45s
 54400K .......... .......... .......... .......... .......... 90%  107K 45s
 54450K .......... .......... .......... .......... .......... 90%  107K 45s
 54500K .......... .......... .......... .......... .......... 90%  199K 44s
 54550K .......... .......... .......... .......... .......... 90%  190K 44s
 54600K .......... .......... .......... .......... .......... 90%  110K 43s
 54650K .......... .......... .......... .......... .......... 90%  107K 43s
 54700K .......... .......... .......... .......... .......... 90%  199K 43s
 54750K .......... .......... .......... .......... .......... 90%  104K 42s
 54800K .......... .......... .......... .......... .......... 90%  107K 42s
 54850K .......... .......... .......... .......... .......... 90%  201K 41s
 54900K .......... .......... .......... .......... .......... 91%  107K 41s
 54950K .......... .......... .......... .......... .......... 91%  201K 41s
 55000K .......... .......... .......... .......... .......... 91%  107K 40s
 55050K .......... .......... .......... .......... .......... 91%  199K 40s
 55100K .......... .......... .......... .......... .......... 91%  107K 40s
 55150K .......... .......... .......... .......... .......... 91%  104K 39s
 55200K .......... .......... .......... .......... .......... 91%  110K 39s
 55250K .......... .......... .......... .......... .......... 91%  204K 38s
 55300K .......... .......... .......... .......... .......... 91%  107K 38s
 55350K .......... .......... .......... .......... .......... 91%  201K 38s
 55400K .......... .......... .......... .......... .......... 91%  106K 37s
 55450K .......... .......... .......... .......... .......... 91%  201K 37s
 55500K .......... .......... .......... .......... .......... 92%  107K 37s
 55550K .......... .......... .......... .......... .......... 92%  104K 36s
 55600K .......... .......... .......... .......... .......... 92%  201K 36s
 55650K .......... .......... .......... .......... .......... 92%  108K 35s
 55700K .......... .......... .......... .......... .......... 92%  201K 35s
 55750K .......... .......... .......... .......... .......... 92%  108K 35s
 55800K .......... .......... .......... .......... .......... 92%  201K 34s
 55850K .......... .......... .......... .......... .......... 92%  110K 34s
 55900K .......... .......... .......... .......... .......... 92%  109K 33s
 55950K .......... .......... .......... .......... .......... 92%  104K 33s
 56000K .......... .......... .......... .......... .......... 92%  199K 33s
 56050K .......... .......... .......... .......... .......... 92%  107K 32s
 56100K .......... .......... .......... .......... .......... 93%  201K 32s
 56150K .......... .......... .......... .......... .......... 93%  107K 32s
 56200K .......... .......... .......... .......... .......... 93%  199K 31s
 56250K .......... .......... .......... .......... .......... 93%  109K 31s
 56300K .......... .......... .......... .......... .......... 93%  199K 30s
 56350K .......... .......... .......... .......... .......... 93%  101K 30s
 56400K .......... .......... .......... .......... .......... 93%  110K 30s
 56450K .......... .......... .......... .......... .......... 93%  201K 29s
 56500K .......... .......... .......... .......... .......... 93%  110K 29s
 56550K .......... .......... .......... .......... .......... 93%  109K 29s
 56600K .......... .......... .......... .......... .......... 93%  201K 28s
 56650K .......... .......... .......... .......... .......... 93%  107K 28s
 56700K .......... .......... .......... .......... .......... 94%  199K 27s
 56750K .......... .......... .......... .......... .......... 94%  105K 27s
 56800K .......... .......... .......... .......... .......... 94%  110K 27s
 56850K .......... .......... .......... .......... .......... 94%  201K 26s
 56900K .......... .......... .......... .......... .......... 94%  107K 26s
 56950K .......... .......... .......... .......... .......... 94%  199K 25s
 57000K .......... .......... .......... .......... .......... 94%  108K 25s
 57050K .......... .......... .......... .......... .......... 94%  107K 25s
 57100K .......... .......... .......... .......... .......... 94%  201K 24s
 57150K .......... .......... .......... .......... .......... 94%  104K 24s
 57200K .......... .......... .......... .......... .......... 94%  107K 24s
 57250K .......... .......... .......... .......... .......... 94%  199K 23s
 57300K .......... .......... .......... .......... .......... 95%  107K 23s
 57350K .......... .......... .......... .......... .......... 95%  201K 22s
 57400K .......... .......... .......... .......... .......... 95%  107K 22s
 57450K .......... .......... .......... .......... .......... 95%  199K 22s
 57500K .......... .......... .......... .......... .......... 95%  107K 21s
 57550K .......... .......... .......... .......... .......... 95%  108K 21s
 57600K .......... .......... .......... .......... .......... 95%  190K 21s
 57650K .......... .......... .......... .......... .......... 95%  109K 20s
 57700K .......... .......... .......... .......... .......... 95%  201K 20s
 57750K .......... .......... .......... .......... .......... 95%  107K 19s
 57800K .......... .......... .......... .......... .......... 95%  109K 19s
 57850K .......... .......... .......... .......... .......... 95%  201K 19s
 57900K .......... .......... .......... .......... .......... 96%  107K 18s
 57950K .......... .......... .......... .......... .......... 96%  107K 18s
 58000K .......... .......... .......... .......... .......... 96%  199K 18s
 58050K .......... .......... .......... .......... .......... 96%  107K 17s
 58100K .......... .......... .......... .......... .......... 96%  201K 17s
 58150K .......... .......... .......... .......... .......... 96%  107K 16s
 58200K .......... .......... .......... .......... .......... 96%  201K 16s
 58250K .......... .......... .......... .......... .......... 96%  106K 16s
 58300K .......... .......... .......... .......... .......... 96%  202K 15s
 58350K .......... .......... .......... .......... .......... 96%  104K 15s
 58400K .......... .......... .......... .......... .......... 96%  110K 14s
 58450K .......... .......... .......... .......... .......... 96%  107K 14s
 58500K .......... .......... .......... .......... .......... 97%  208K 14s
 58550K .......... .......... .......... .......... .......... 97%  107K 13s
 58600K .......... .......... .......... .......... .......... 97%  204K 13s
 58650K .......... .......... .......... .......... .......... 97%  107K 13s
 58700K .......... .......... .......... .......... .......... 97%  199K 12s
 58750K .......... .......... .......... .......... .......... 97%  105K 12s
 58800K .......... .......... .......... .......... .......... 97%  107K 11s
 58850K .......... .......... .......... .......... .......... 97%  199K 11s
 58900K .......... .......... .......... .......... .......... 97%  107K 11s
 58950K .......... .......... .......... .......... .......... 97%  110K 10s
 59000K .......... .......... .......... .......... .......... 97%  199K 10s
 59050K .......... .......... .......... .......... .......... 97%  106K 10s
 59100K .......... .......... .......... .......... .......... 98%  201K 9s
 59150K .......... .......... .......... .......... .......... 98%  105K 9s
 59200K .......... .......... .......... .......... .......... 98%  107K 8s
 59250K .......... .......... .......... .......... .......... 98%  209K 8s
 59300K .......... .......... .......... .......... .......... 98%  109K 8s
 59350K .......... .......... .......... .......... .......... 98%  199K 7s
 59400K .......... .......... .......... .......... .......... 98%  107K 7s
 59450K .......... .......... .......... .......... .......... 98%  209K 6s
 59500K .......... .......... .......... .......... .......... 98%  110K 6s
 59550K .......... .......... .......... .......... .......... 98%  105K 6s
 59600K .......... .......... .......... .......... .......... 98%  106K 5s
 59650K .......... .......... .......... .......... .......... 98%  201K 5s
 59700K .......... .......... .......... .......... .......... 99%  107K 5s
 59750K .......... .......... .......... .......... .......... 99%  199K 4s
 59800K .......... .......... .......... .......... .......... 99%  107K 4s
 59850K .......... .......... .......... .......... .......... 99%  206K 3s
 59900K .......... .......... .......... .......... .......... 99%  107K 3s
 59950K .......... .......... .......... .......... .......... 99%  104K 3s
 60000K .......... .......... .......... .......... .......... 99%  190K 2s
 60050K .......... .......... .......... .......... .......... 99%  110K 2s
 60100K .......... .......... .......... .......... .......... 99%  107K 2s
 60150K .......... .......... .......... .......... .......... 99%  199K 1s
 60200K .......... .......... .......... .......... .......... 99%  110K 1s
 60250K .......... .......... .......... .......... .......... 99%  197K 0s
 60300K .......... .......... .......... .......... .......... 99%  106K 0s
 60350K ...                                                   100% 98.3M=7m39s

2018-11-30 15:55:38 (132 KB/s) - ‘video.mp4’ saved [61801991/61801991]

